"S" -> [["V4", "SCOPE"], ["V4", "SCOPE_FUNCTION"], ["V5", "SCOPE"], ["V5", "SCOPE_FUNCTION"], ["CODE", "CODE"], ["V6", "V84"], ["V4", "SCOPE"], ["V4", "SCOPE_FUNCTION"], ["V5", "SCOPE"], ["V5", "SCOPE_FUNCTION"], ["V8", "V84"], ["V10", "V84"], ["IF_STMT", "N_ELIF"], ["V11", "ELSE_STMT"], ["IF_STMT", "ELSE_STMT"], ["V15", "CLOSE_PARANTHESES"], ["V17", "V84"], ["V20", "SWITCH_SCOPE"], ["V23", "SCOPE_LOOP"], ["V26", "V84"], ["V27", "V84"], ["V28", "V84"], ["V31", "SCOPE"]]
"V84" -> [["SEMICOLON"]]
"V1" -> [["V85", "V86"]]
"V85" -> [["FUNCTION"]]
"V86" -> [["VARIABLE"]]
"V2" -> [["V1", "OPEN_PARANTHESES"]]
"V3" -> [["V2", "FUNCTION_PARAM"]]
"V4" -> [["V3", "CLOSE_PARANTHESES"]]
"V5" -> [["V2", "CLOSE_PARANTHESES"]]
"V6" -> [["V86", "V87"]]
"V87" -> [["INCREMENT"]]
"V7" -> [["V86", "OPEN_PARANTHESES"]]
"V8" -> [["V7", "CLOSE_PARANTHESES"]]
"V9" -> [["V7", "FUNCTION_PARAM"]]
"V10" -> [["V9", "CLOSE_PARANTHESES"]]
"V11" -> [["IF_STMT", "N_ELIF"]]
"V12" -> [["V88", "SCOPE_LOOP"]]
"V88" -> [["DO"]]
"V13" -> [["V12", "V89"]]
"V89" -> [["WHILE"]]
"V14" -> [["V13", "OPEN_PARANTHESES"]]
"V15" -> [["V14", "STATIC"]]
"V16" -> [["V86", "V90"]]
"V90" -> [["ASSIGN_OPERATOR"]]
"V17" -> [["V16", "ASSIGNMENT"]]
"V18" -> [["V91", "OPEN_PARANTHESES"]]
"V91" -> [["SWITCH"]]
"V19" -> [["V18", "V86"]]
"V20" -> [["V19", "CLOSE_PARANTHESES"]]
"V21" -> [["V89", "OPEN_PARANTHESES"]]
"V22" -> [["V21", "STATIC"]]
"V23" -> [["V22", "CLOSE_PARANTHESES"]]
"V24" -> [["V92", "V86"]]
"V92" -> [["CONST"]]
"V25" -> [["V24", "V93"]]
"V93" -> [["EQ"]]
"V26" -> [["V25", "DECLARATION_VALUE"]]
"V27" -> [["V94", "VAR_STMT"]]
"V94" -> [["VAR"]]
"V28" -> [["V95", "LET_STMT"]]
"V95" -> [["LET"]]
"V29" -> [["V96", "OPEN_PARANTHESES"]]
"V96" -> [["IF"]]
"V30" -> [["V29", "CONDITION"]]
"V31" -> [["V30", "CLOSE_PARANTHESES"]]
"FUNCTION_DECL" -> [["V4", "SCOPE"], ["V4", "SCOPE_FUNCTION"], ["V5", "SCOPE"], ["V5", "SCOPE_FUNCTION"]]
"FUNCTION_PARAM" -> [["V32", "FUNCTION_PARAM"], ["NUMBER"], ["VARIABLE"], ["V34", "V97"], ["STRING"], ["V98", "V86"], ["V35", "V97"], ["V38", "CLOSE_PARANTHESES"], ["V39", "CLOSE_PARANTHESES"], ["V40", "ARIT_OP"], ["V41", "V84"], ["V43", "ARIT_OP"], ["V43", "V84"], ["TRUE"], ["FALSE"], ["NULL"], ["V7", "CLOSE_PARANTHESES"], ["V9", "CLOSE_PARANTHESES"], ["V44", "V99"]]
"V97" -> [["CLOSE_BRACKET"]]
"V98" -> [["NEW"]]
"V99" -> [["CLOSE_CURLY"]]
"V32" -> [["PARAM", "V100"]]
"V100" -> [["COMMA"]]
"V33" -> [["V86", "V101"]]
"V101" -> [["OPEN_BRACKET"]]
"V34" -> [["V33", "V102"]]
"V102" -> [["NUMBER"]]
"V35" -> [["V101", "ELMT_ARRAY"]]
"V36" -> [["V98", "V86"]]
"V37" -> [["V36", "OPEN_PARANTHESES"]]
"V38" -> [["V37", "ELMT_ARRAY"]]
"V39" -> [["V7", "ELMT_ARRAY"]]
"V40" -> [["STATIC", "ARIT_OPERATOR"]]
"V41" -> [["V40", "STATIC"]]
"V42" -> [["OPEN_PARANTHESES", "ARIT_OP"]]
"V43" -> [["V42", "CLOSE_PARANTHESES"]]
"V44" -> [["V103", "DICT_ELMT"]]
"V103" -> [["OPEN_CURLY"]]
"PARAM" -> [["NUMBER"], ["VARIABLE"], ["V34", "V97"], ["STRING"], ["V98", "V86"], ["V35", "V97"], ["V38", "CLOSE_PARANTHESES"], ["V39", "CLOSE_PARANTHESES"], ["V40", "ARIT_OP"], ["V41", "V84"], ["V43", "ARIT_OP"], ["V43", "V84"], ["TRUE"], ["FALSE"], ["NULL"], ["V7", "CLOSE_PARANTHESES"], ["V9", "CLOSE_PARANTHESES"], ["V44", "V99"]]
"SCOPE" -> [["V45", "V99"]]
"V45" -> [["V103", "CODE"]]
"SCOPE_FUNCTION" -> [["V46", "V99"]]
"V46" -> [["V103", "CODE_FUNCTION"]]
"CODE_FUNCTION" -> [["CODE_FUNCTION", "CODE_FUNCTION"], ["V47", "V84"], ["V48", "V84"], ["V49", "V84"], ["CODE", "CODE"], ["V31", "SCOPE_FUNCTION"], ["V53", "CLOSE_PARANTHESES"], ["V20", "SWITCH_SCOPE_FUNC"], ["V23", "SCOPE_LOOP_FUNCTION"], ["V6", "V84"], ["V4", "SCOPE"], ["V4", "SCOPE_FUNCTION"], ["V5", "SCOPE"], ["V5", "SCOPE_FUNCTION"], ["V8", "V84"], ["V10", "V84"], ["IF_STMT", "N_ELIF"], ["V11", "ELSE_STMT"], ["IF_STMT", "ELSE_STMT"], ["V15", "CLOSE_PARANTHESES"], ["V17", "V84"], ["V20", "SWITCH_SCOPE"], ["V23", "SCOPE_LOOP"], ["V26", "V84"], ["V27", "V84"], ["V28", "V84"], ["V31", "SCOPE"]]
"V47" -> [["V104", "PARAM"]]
"V104" -> [["RETURN"]]
"V48" -> [["V104", "V86"]]
"V49" -> [["V104", "V105"]]
"V105" -> [["STRING"]]
"V50" -> [["V88", "SCOPE_LOOP_FUNCTION"]]
"V51" -> [["V50", "V89"]]
"V52" -> [["V51", "OPEN_PARANTHESES"]]
"V53" -> [["V52", "STATIC"]]
"IF_BLOCK_FUNC" -> [["V31", "SCOPE_FUNCTION"]]
"DO_WHILE_FUNC" -> [["V53", "CLOSE_PARANTHESES"]]
"WHILE_STMT_FUNC" -> [["V23", "SCOPE_LOOP_FUNCTION"]]
"SWITCH_BLOCK_FUNC" -> [["V20", "SWITCH_SCOPE_FUNC"]]
"SWITCH_SCOPE_FUNC" -> [["V54", "V99"]]
"V54" -> [["V103", "CASE_BLOCK_FUNC"]]
"CASE_BLOCK_FUNC" -> [["CASE_STMT_FUNC", "CASE_BLOCK_FUNC"], ["V56", "CASE_CODE"]]
"V55" -> [["V106", "STATIC"]]
"V106" -> [["CASE"]]
"V56" -> [["V55", "V107"]]
"V107" -> [["COLON"]]
"CASE_STMT_FUNC" -> [["V56", "CASE_CODE"]]
"CASE_CODE" -> [["CODE", "CASE_CODE"], ["V108", "V84"], ["CODE", "CASE_CODE"], ["V108", "V84"], ["CODE", "CODE"], ["CODE", "CODE"], ["V6", "V84"], ["V4", "SCOPE"], ["V4", "SCOPE_FUNCTION"], ["V5", "SCOPE"], ["V5", "SCOPE_FUNCTION"], ["V8", "V84"], ["V10", "V84"], ["IF_STMT", "N_ELIF"], ["V11", "ELSE_STMT"], ["IF_STMT", "ELSE_STMT"], ["V15", "CLOSE_PARANTHESES"], ["V17", "V84"], ["V20", "SWITCH_SCOPE"], ["V23", "SCOPE_LOOP"], ["V6", "V84"], ["V4", "SCOPE"], ["V4", "SCOPE_FUNCTION"], ["V5", "SCOPE"], ["V5", "SCOPE_FUNCTION"], ["V8", "V84"], ["V10", "V84"], ["IF_STMT", "N_ELIF"], ["V11", "ELSE_STMT"], ["IF_STMT", "ELSE_STMT"], ["V15", "CLOSE_PARANTHESES"], ["V17", "V84"], ["V20", "SWITCH_SCOPE"], ["V23", "SCOPE_LOOP"], ["V26", "V84"], ["V27", "V84"], ["V28", "V84"], ["V31", "SCOPE"], ["V26", "V84"], ["V27", "V84"], ["V28", "V84"], ["V31", "SCOPE"]]
"V108" -> [["BREAK"]]
"SCOPE_LOOP_FUNCTION" -> [["V57", "V99"]]
"V57" -> [["V103", "LOOP_CODE_FUNC"]]
"LOOP_CODE_FUNC" -> [["LOOP_CODE_FUNC", "LOOP_CODE_FUNC"], ["BREAK"], ["CONTINUE"], ["CODE_FUNCTION", "CODE_FUNCTION"], ["V47", "V84"], ["V48", "V84"], ["V49", "V84"], ["CODE", "CODE"], ["V31", "SCOPE_FUNCTION"], ["V53", "CLOSE_PARANTHESES"], ["V20", "SWITCH_SCOPE_FUNC"], ["V23", "SCOPE_LOOP_FUNCTION"], ["V6", "V84"], ["V4", "SCOPE"], ["V4", "SCOPE_FUNCTION"], ["V5", "SCOPE"], ["V5", "SCOPE_FUNCTION"], ["V8", "V84"], ["V10", "V84"], ["IF_STMT", "N_ELIF"], ["V11", "ELSE_STMT"], ["IF_STMT", "ELSE_STMT"], ["V15", "CLOSE_PARANTHESES"], ["V17", "V84"], ["V20", "SWITCH_SCOPE"], ["V23", "SCOPE_LOOP"], ["V26", "V84"], ["V27", "V84"], ["V28", "V84"], ["V31", "SCOPE"]]
"CODE" -> [["CODE", "CODE"], ["V6", "V84"], ["V4", "SCOPE"], ["V4", "SCOPE_FUNCTION"], ["V5", "SCOPE"], ["V5", "SCOPE_FUNCTION"], ["V8", "V84"], ["V10", "V84"], ["IF_STMT", "N_ELIF"], ["V11", "ELSE_STMT"], ["IF_STMT", "ELSE_STMT"], ["V15", "CLOSE_PARANTHESES"], ["V17", "V84"], ["V20", "SWITCH_SCOPE"], ["V23", "SCOPE_LOOP"], ["V26", "V84"], ["V27", "V84"], ["V28", "V84"], ["V31", "SCOPE"]]
"INCR_STMT" -> [["V6", "V84"]]
"DECLARATIONS" -> [["V26", "V84"], ["V27", "V84"], ["V28", "V84"]]
"CONST_DECL" -> [["V26", "V84"]]
"VAR_DECL" -> [["V27", "V84"]]
"VAR_STMT" -> [["V60", "VAR_STMT"], ["V58", "DECLARATION_VALUE"]]
"V58" -> [["V86", "V93"]]
"V59" -> [["V58", "DECLARATION_VALUE"]]
"V60" -> [["V59", "V100"]]
"LET_DECL" -> [["V28", "V84"]]
"LET_STMT" -> [["V60", "LET_STMT"], ["V58", "DECLARATION_VALUE"]]
"DECLARATION_VALUE" -> [["V35", "V97"], ["V38", "CLOSE_PARANTHESES"], ["V39", "CLOSE_PARANTHESES"], ["NUMBER"], ["VARIABLE"], ["V34", "V97"], ["STRING"], ["V98", "V86"], ["V40", "ARIT_OP"], ["V41", "V84"], ["V43", "ARIT_OP"], ["V43", "V84"], ["V7", "CLOSE_PARANTHESES"], ["V9", "CLOSE_PARANTHESES"], ["V44", "V99"], ["TRUE"], ["FALSE"], ["NULL"], ["V7", "CLOSE_PARANTHESES"], ["V9", "CLOSE_PARANTHESES"]]
"FUNC_CALL_STMT" -> [["V8", "V84"], ["V10", "V84"]]
"FUNC_CALL" -> [["V7", "CLOSE_PARANTHESES"], ["V9", "CLOSE_PARANTHESES"]]
"ARIT_OP" -> [["V40", "ARIT_OP"], ["V41", "V84"], ["V43", "ARIT_OP"], ["V43", "V84"]]
"ARIT_OPERATOR" -> [["SIGN"], ["OTHER_ARIT_OPERATOR"]]
"ARRAY" -> [["V35", "V97"], ["V38", "CLOSE_PARANTHESES"], ["V39", "CLOSE_PARANTHESES"], ["V44", "V99"]]
"DICT_STMT" -> [["V44", "V99"]]
"DICT_ELMT" -> [["V61", "ELMT"], ["V62", "DICT_ELMT"]]
"V61" -> [["V86", "V107"]]
"V62" -> [["DICT_ELMT", "V100"]]
"ELMT_ARRAY" -> [["V63", "ELMT_ARRAY"], ["V35", "V97"], ["V38", "CLOSE_PARANTHESES"], ["V39", "CLOSE_PARANTHESES"], ["V44", "V99"], ["NUMBER"], ["VARIABLE"], ["V34", "V97"], ["STRING"], ["V98", "V86"], ["V40", "ARIT_OP"], ["V41", "V84"], ["V43", "ARIT_OP"], ["V43", "V84"], ["TRUE"], ["FALSE"], ["NULL"], ["V7", "CLOSE_PARANTHESES"], ["V9", "CLOSE_PARANTHESES"]]
"V63" -> [["ELMT", "V100"]]
"ELMT" -> [["V35", "V97"], ["V38", "CLOSE_PARANTHESES"], ["V39", "CLOSE_PARANTHESES"], ["V44", "V99"], ["NUMBER"], ["VARIABLE"], ["V34", "V97"], ["STRING"], ["V98", "V86"], ["V40", "ARIT_OP"], ["V41", "V84"], ["V43", "ARIT_OP"], ["V43", "V84"], ["TRUE"], ["FALSE"], ["NULL"], ["V7", "CLOSE_PARANTHESES"], ["V9", "CLOSE_PARANTHESES"]]
"LOGI_OP" -> [["V64", "LOGI_OP"], ["V64", "LOGI_ID"], ["V65", "CLOSE_PARANTHESES"], ["NUMBER"], ["VARIABLE"], ["V34", "V97"], ["STRING"], ["V98", "V86"], ["TRUE"], ["FALSE"], ["NULL"], ["V7", "CLOSE_PARANTHESES"], ["V9", "CLOSE_PARANTHESES"]]
"V64" -> [["LOGI_ID", "LOGI_OPERATOR"]]
"V65" -> [["OPEN_PARANTHESES", "LOGI_OP"]]
"LOGI_ID" -> [["V109", "LOGI_ID"], ["NUMBER"], ["VARIABLE"], ["V34", "V97"], ["STRING"], ["V98", "V86"], ["V40", "ARIT_OP"], ["V41", "V84"], ["V43", "ARIT_OP"], ["V43", "V84"], ["TRUE"], ["FALSE"], ["NULL"], ["V8", "V84"], ["V10", "V84"], ["TRUE"], ["FALSE"], ["NULL"], ["V7", "CLOSE_PARANTHESES"], ["V9", "CLOSE_PARANTHESES"]]
"V109" -> [["NOT"]]
"IF_STMT" -> [["V31", "SCOPE"]]
"ELIF_STMT" -> [["V69", "SCOPE"]]
"V66" -> [["V110", "V96"]]
"V110" -> [["ELSE"]]
"V67" -> [["V66", "OPEN_PARANTHESES"]]
"V68" -> [["V67", "CONDITION"]]
"V69" -> [["V68", "CLOSE_PARANTHESES"]]
"ELSE_STMT" -> [["V110", "SCOPE"]]
"N_ELIF" -> [["ELIF_STMT", "N_ELIF"], ["V69", "SCOPE"]]
"IF_BLOCK" -> [["IF_STMT", "N_ELIF"], ["V11", "ELSE_STMT"], ["IF_STMT", "ELSE_STMT"], ["V31", "SCOPE"]]
"CONDITION" -> [["V16", "ASSIGNMENT"], ["V64", "LOGI_OP"], ["V64", "LOGI_ID"], ["V65", "CLOSE_PARANTHESES"], ["NUMBER"], ["VARIABLE"], ["V34", "V97"], ["STRING"], ["V98", "V86"], ["TRUE"], ["FALSE"], ["NULL"], ["V7", "CLOSE_PARANTHESES"], ["V9", "CLOSE_PARANTHESES"]]
"DO_WHILE" -> [["V15", "CLOSE_PARANTHESES"]]
"WHILE_STMT" -> [["V23", "SCOPE_LOOP"]]
"FOR_STMT" -> [["V72", "SCOPE_LOOP"]]
"V70" -> [["V111", "OPEN_PARANTHESES"]]
"V111" -> [["FOR"]]
"V71" -> [["V70", "FOR_PARAM"]]
"V72" -> [["V71", "CLOSE_PARANTHESES"]]
"OTHER_PARAM" -> [["V73", "OTHER_PARAM"], ["V16", "V102"]]
"V73" -> [["OTHER_PARAM", "V84"]]
"SCOPE_LOOP" -> [["V74", "V99"]]
"V74" -> [["V103", "LOOP_CODE"]]
"LOOP_CODE" -> [["LOOP_CODE", "LOOP_CODE"], ["BREAK"], ["CONTINUE"], ["CODE", "CODE"], ["V6", "V84"], ["V4", "SCOPE"], ["V4", "SCOPE_FUNCTION"], ["V5", "SCOPE"], ["V5", "SCOPE_FUNCTION"], ["V8", "V84"], ["V10", "V84"], ["IF_STMT", "N_ELIF"], ["V11", "ELSE_STMT"], ["IF_STMT", "ELSE_STMT"], ["V15", "CLOSE_PARANTHESES"], ["V17", "V84"], ["V20", "SWITCH_SCOPE"], ["V23", "SCOPE_LOOP"], ["V26", "V84"], ["V27", "V84"], ["V28", "V84"], ["V31", "SCOPE"]]
"SWITCH_BLOCK" -> [["V20", "SWITCH_SCOPE"]]
"SWITCH_SCOPE" -> [["V75", "V99"]]
"V75" -> [["V103", "CASE_BLOCK"]]
"CASE_BLOCK" -> [["CASE_STMT", "CASE_BLOCK"], ["V56", "CASE_CODE"]]
"CASE_STMT" -> [["V56", "CASE_CODE"]]
"THROW_STMT" -> [["V76", "V84"]]
"V76" -> [["V112", "V105"]]
"V112" -> [["THROW"]]
"TRY_CATCH_STMT" -> [["TRY_BLOCK", "CATCH_BLOCK"], ["TRY_CATCH_STMT", "FINALLY_BLOCK"], ["TRY_BLOCK", "FINALLY_BLOCK"]]
"TRY_BLOCK" -> [["V78", "V99"]]
"V77" -> [["V113", "V103"]]
"V113" -> [["TRY"]]
"V78" -> [["V77", "CODE"]]
"CATCH_BLOCK" -> [["V80", "V99"]]
"V79" -> [["V114", "V103"]]
"V114" -> [["CATCH"]]
"V80" -> [["V79", "CODE"]]
"FINALLY_BLOCK" -> [["V82", "V99"]]
"V81" -> [["V115", "V103"]]
"V115" -> [["FINALLY"]]
"V82" -> [["V81", "CODE"]]
"ASSIGN" -> [["V17", "V84"]]
"ASSIGNMENT" -> [["V83", "ASSIGNMENT"], ["NUMBER"], ["VARIABLE"], ["V34", "V97"], ["STRING"], ["V98", "V86"], ["V7", "CLOSE_PARANTHESES"], ["V9", "CLOSE_PARANTHESES"], ["V35", "V97"], ["V38", "CLOSE_PARANTHESES"], ["V39", "CLOSE_PARANTHESES"], ["V44", "V99"], ["V40", "ARIT_OP"], ["V41", "V84"], ["V43", "ARIT_OP"], ["V43", "V84"], ["V64", "LOGI_OP"], ["V64", "LOGI_ID"], ["V65", "CLOSE_PARANTHESES"], ["NUMBER"], ["VARIABLE"], ["V34", "V97"], ["STRING"], ["V98", "V86"], ["TRUE"], ["FALSE"], ["NULL"], ["V7", "CLOSE_PARANTHESES"], ["V9", "CLOSE_PARANTHESES"], ["TRUE"], ["FALSE"], ["NULL"], ["V7", "CLOSE_PARANTHESES"], ["V9", "CLOSE_PARANTHESES"]]
"V83" -> [["ASSIGNMENT", "V90"]]
"ASSIGN_OPERATOR" -> [["EQ"], ["SUBAS"], ["MULAS"], ["SUMAS"], ["DIVAS"], ["MODAS"], ["POWAS"], ["ANDAS"], ["ORAS"]]
"BOOLEAN" -> [["TRUE"], ["FALSE"], ["NULL"]]
"STATIC" -> [["NUMBER"], ["VARIABLE"], ["V34", "V97"], ["STRING"], ["V98", "V86"], ["TRUE"], ["FALSE"], ["NULL"], ["V7", "CLOSE_PARANTHESES"], ["V9", "CLOSE_PARANTHESES"]]
